#! /opt/homebrew/Cellar/icarus-verilog/12.0/bin/vvp
:ivl_version "12.0 (stable)";
:ivl_delay_selection "TYPICAL";
:vpi_time_precision + 0;
:vpi_module "/opt/homebrew/Cellar/icarus-verilog/12.0/lib/ivl/system.vpi";
:vpi_module "/opt/homebrew/Cellar/icarus-verilog/12.0/lib/ivl/vhdl_sys.vpi";
:vpi_module "/opt/homebrew/Cellar/icarus-verilog/12.0/lib/ivl/vhdl_textio.vpi";
:vpi_module "/opt/homebrew/Cellar/icarus-verilog/12.0/lib/ivl/v2005_math.vpi";
:vpi_module "/opt/homebrew/Cellar/icarus-verilog/12.0/lib/ivl/va_math.vpi";
S_0x151a04170 .scope module, "dff_tb" "dff_tb" 2 2;
 .timescale 0 0;
v0x140613b90_0 .var "clk", 0 0;
v0x140613c50_0 .var "d", 0 0;
v0x140613d00_0 .net "q", 0 0, v0x1406139e0_0;  1 drivers
v0x140613dd0_0 .var "reset", 0 0;
E_0x151a042f0 .event posedge, v0x151a045e0_0;
S_0x151a04350 .scope module, "DFF" "dff" 2 11, 3 1 0, S_0x151a04170;
 .timescale 0 0;
    .port_info 0 /INPUT 1 "clk";
    .port_info 1 /INPUT 1 "reset";
    .port_info 2 /INPUT 1 "d";
    .port_info 3 /OUTPUT 1 "q";
v0x151a045e0_0 .net "clk", 0 0, v0x140613b90_0;  1 drivers
v0x140613930_0 .net "d", 0 0, v0x140613c50_0;  1 drivers
v0x1406139e0_0 .var "q", 0 0;
v0x140613a90_0 .net "reset", 0 0, v0x140613dd0_0;  1 drivers
E_0x151a04580 .event posedge, v0x140613a90_0, v0x151a045e0_0;
    .scope S_0x151a04350;
T_0 ;
    %wait E_0x151a04580;
    %load/vec4 v0x140613a90_0;
    %flag_set/vec4 8;
    %jmp/0xz  T_0.0, 8;
    %pushi/vec4 0, 0, 1;
    %assign/vec4 v0x1406139e0_0, 0;
    %jmp T_0.1;
T_0.0 ;
    %load/vec4 v0x140613930_0;
    %assign/vec4 v0x1406139e0_0, 0;
T_0.1 ;
    %jmp T_0;
    .thread T_0;
    .scope S_0x151a04170;
T_1 ;
    %pushi/vec4 0, 0, 1;
    %store/vec4 v0x140613b90_0, 0, 1;
    %end;
    .thread T_1;
    .scope S_0x151a04170;
T_2 ;
    %delay 5, 0;
    %load/vec4 v0x140613b90_0;
    %inv;
    %store/vec4 v0x140613b90_0, 0, 1;
    %jmp T_2;
    .thread T_2;
    .scope S_0x151a04170;
T_3 ;
    %vpi_call 2 19 "$dumpfile", "waveform.vcd" {0 0 0};
    %vpi_call 2 20 "$dumpvars", 32'sb00000000000000000000000000000000, S_0x151a04170 {0 0 0};
    %pushi/vec4 0, 0, 1;
    %store/vec4 v0x140613c50_0, 0, 1;
    %pushi/vec4 1, 0, 1;
    %store/vec4 v0x140613dd0_0, 0, 1;
    %wait E_0x151a042f0;
    %pushi/vec4 0, 0, 1;
    %store/vec4 v0x140613dd0_0, 0, 1;
    %wait E_0x151a042f0;
    %pushi/vec4 1, 0, 1;
    %store/vec4 v0x140613c50_0, 0, 1;
    %wait E_0x151a042f0;
    %pushi/vec4 0, 0, 1;
    %store/vec4 v0x140613c50_0, 0, 1;
    %wait E_0x151a042f0;
    %vpi_call 2 35 "$finish" {0 0 0};
    %end;
    .thread T_3;
# The file index is used to find the file name in the following table.
:file_names 4;
    "N/A";
    "<interactive>";
    "dff_tb.v";
    "dff.v";
