#! /opt/homebrew/Cellar/icarus-verilog/12.0/bin/vvp
:ivl_version "12.0 (stable)";
:ivl_delay_selection "TYPICAL";
:vpi_time_precision + 0;
:vpi_module "/opt/homebrew/Cellar/icarus-verilog/12.0/lib/ivl/system.vpi";
:vpi_module "/opt/homebrew/Cellar/icarus-verilog/12.0/lib/ivl/vhdl_sys.vpi";
:vpi_module "/opt/homebrew/Cellar/icarus-verilog/12.0/lib/ivl/vhdl_textio.vpi";
:vpi_module "/opt/homebrew/Cellar/icarus-verilog/12.0/lib/ivl/v2005_math.vpi";
:vpi_module "/opt/homebrew/Cellar/icarus-verilog/12.0/lib/ivl/va_math.vpi";
S_0x12e607a50 .scope module, "adder_tb" "adder_tb" 2 1;
 .timescale 0 0;
v0x12e618880_0 .var "a", 3 0;
v0x12e618910_0 .var "b", 3 0;
v0x12e6189a0_0 .var "c_in", 0 0;
v0x12e618a70_0 .net "c_out", 0 0, L_0x12e619510;  1 drivers
v0x12e618b20_0 .var/i "i", 31 0;
v0x12e618bf0_0 .net "sum", 3 0, L_0x12e618ed0;  1 drivers
S_0x12e607bc0 .scope module, "fa" "adder" 2 9, 3 1 0, S_0x12e607a50;
 .timescale 0 0;
    .port_info 0 /INPUT 4 "a";
    .port_info 1 /INPUT 4 "b";
    .port_info 2 /INPUT 1 "c_in";
    .port_info 3 /OUTPUT 1 "c_out";
    .port_info 4 /OUTPUT 4 "sum";
L_0x12e618c80 .functor XOR 4, v0x12e618880_0, v0x12e618910_0, C4<0000>, C4<0000>;
L_0x12e618ed0 .functor XOR 4, L_0x12e618c80, L_0x12e618db0, C4<0000>, C4<0000>;
L_0x12e619000 .functor AND 4, v0x12e618880_0, v0x12e618910_0, C4<1111>, C4<1111>;
L_0x12e619070 .functor XOR 4, v0x12e618880_0, v0x12e618910_0, C4<0000>, C4<0000>;
L_0x12e619300 .functor AND 4, L_0x12e619070, L_0x12e619220, C4<1111>, C4<1111>;
L_0x12e619420 .functor OR 4, L_0x12e619000, L_0x12e619300, C4<0000>, C4<0000>;
v0x12e607de0_0 .net *"_ivl_0", 3 0, L_0x12e618c80;  1 drivers
v0x12e617ea0_0 .net *"_ivl_10", 3 0, L_0x12e619070;  1 drivers
v0x12e617f40_0 .net *"_ivl_12", 3 0, L_0x12e619220;  1 drivers
L_0x130078058 .functor BUFT 1, C4<000>, C4<0>, C4<0>, C4<0>;
v0x12e617ff0_0 .net *"_ivl_15", 2 0, L_0x130078058;  1 drivers
v0x12e6180a0_0 .net *"_ivl_16", 3 0, L_0x12e619300;  1 drivers
v0x12e618190_0 .net *"_ivl_18", 3 0, L_0x12e619420;  1 drivers
v0x12e618240_0 .net *"_ivl_2", 3 0, L_0x12e618db0;  1 drivers
L_0x130078010 .functor BUFT 1, C4<000>, C4<0>, C4<0>, C4<0>;
v0x12e6182f0_0 .net *"_ivl_5", 2 0, L_0x130078010;  1 drivers
v0x12e6183a0_0 .net *"_ivl_8", 3 0, L_0x12e619000;  1 drivers
v0x12e6184b0_0 .net "a", 3 0, v0x12e618880_0;  1 drivers
v0x12e618560_0 .net "b", 3 0, v0x12e618910_0;  1 drivers
v0x12e618610_0 .net "c_in", 0 0, v0x12e6189a0_0;  1 drivers
v0x12e6186b0_0 .net "c_out", 0 0, L_0x12e619510;  alias, 1 drivers
v0x12e618750_0 .net "sum", 3 0, L_0x12e618ed0;  alias, 1 drivers
L_0x12e618db0 .concat [ 1 3 0 0], v0x12e6189a0_0, L_0x130078010;
L_0x12e619220 .concat [ 1 3 0 0], v0x12e6189a0_0, L_0x130078058;
L_0x12e619510 .part L_0x12e619420, 0, 1;
    .scope S_0x12e607a50;
T_0 ;
    %pushi/vec4 0, 0, 4;
    %assign/vec4 v0x12e618880_0, 0;
    %pushi/vec4 0, 0, 4;
    %assign/vec4 v0x12e618910_0, 0;
    %pushi/vec4 0, 0, 1;
    %assign/vec4 v0x12e6189a0_0, 0;
    %vpi_call 2 20 "$monitor", "a=0x%0h b=0x%0h c_in=0x%0h c_out=0x%0h sum=0x%0h", v0x12e618880_0, v0x12e618910_0, v0x12e6189a0_0, v0x12e618a70_0, v0x12e618bf0_0 {0 0 0};
    %pushi/vec4 0, 0, 32;
    %store/vec4 v0x12e618b20_0, 0, 32;
T_0.0 ;
    %load/vec4 v0x12e618b20_0;
    %cmpi/s 5, 0, 32;
    %jmp/0xz T_0.1, 5;
    %delay 10, 0;
    %vpi_func 2 24 "$random" 32 {0 0 0};
    %pad/s 4;
    %assign/vec4 v0x12e618880_0, 0;
    %vpi_func 2 25 "$random" 32 {0 0 0};
    %pad/s 4;
    %assign/vec4 v0x12e618910_0, 0;
    %vpi_func 2 26 "$random" 32 {0 0 0};
    %pad/s 1;
    %assign/vec4 v0x12e6189a0_0, 0;
    %load/vec4 v0x12e618b20_0;
    %addi 1, 0, 32;
    %store/vec4 v0x12e618b20_0, 0, 32;
    %jmp T_0.0;
T_0.1 ;
    %end;
    .thread T_0;
# The file index is used to find the file name in the following table.
:file_names 4;
    "N/A";
    "<interactive>";
    "adder_tb.v";
    "adder.v";
