#! /opt/homebrew/Cellar/icarus-verilog/12.0/bin/vvp
:ivl_version "12.0 (stable)";
:ivl_delay_selection "TYPICAL";
:vpi_time_precision + 0;
:vpi_module "/opt/homebrew/Cellar/icarus-verilog/12.0/lib/ivl/system.vpi";
:vpi_module "/opt/homebrew/Cellar/icarus-verilog/12.0/lib/ivl/vhdl_sys.vpi";
:vpi_module "/opt/homebrew/Cellar/icarus-verilog/12.0/lib/ivl/vhdl_textio.vpi";
:vpi_module "/opt/homebrew/Cellar/icarus-verilog/12.0/lib/ivl/v2005_math.vpi";
:vpi_module "/opt/homebrew/Cellar/icarus-verilog/12.0/lib/ivl/va_math.vpi";
S_0x13c707fe0 .scope module, "mux_tb" "mux_tb" 2 1;
 .timescale 0 0;
v0x13c71ca10_0 .var "a", 3 0;
v0x13c71cac0_0 .var "b", 3 0;
v0x13c71cb50_0 .var "c", 3 0;
v0x13c71cc20_0 .var "d", 3 0;
v0x13c71ccd0_0 .var/i "i", 31 0;
v0x13c71cda0_0 .net "out", 3 0, v0x13c71c7e0_0;  1 drivers
v0x13c71ce30_0 .var "sel", 1 0;
S_0x13c7057c0 .scope module, "mux" "mux4to1" 2 14, 3 1 0, S_0x13c707fe0;
 .timescale 0 0;
    .port_info 0 /INPUT 4 "a";
    .port_info 1 /INPUT 4 "b";
    .port_info 2 /INPUT 4 "c";
    .port_info 3 /INPUT 4 "d";
    .port_info 4 /INPUT 2 "sel";
    .port_info 5 /OUTPUT 4 "out";
v0x13c7081e0_0 .net "a", 3 0, v0x13c71ca10_0;  1 drivers
v0x13c71c5e0_0 .net "b", 3 0, v0x13c71cac0_0;  1 drivers
v0x13c71c680_0 .net "c", 3 0, v0x13c71cb50_0;  1 drivers
v0x13c71c730_0 .net "d", 3 0, v0x13c71cc20_0;  1 drivers
v0x13c71c7e0_0 .var "out", 3 0;
v0x13c71c8d0_0 .net "sel", 1 0, v0x13c71ce30_0;  1 drivers
E_0x13c7097c0/0 .event anyedge, v0x13c71c8d0_0, v0x13c71c730_0, v0x13c71c680_0, v0x13c71c5e0_0;
E_0x13c7097c0/1 .event anyedge, v0x13c7081e0_0;
E_0x13c7097c0 .event/or E_0x13c7097c0/0, E_0x13c7097c0/1;
    .scope S_0x13c7057c0;
T_0 ;
    %wait E_0x13c7097c0;
    %load/vec4 v0x13c71c8d0_0;
    %dup/vec4;
    %pushi/vec4 0, 0, 2;
    %cmp/u;
    %jmp/1 T_0.0, 6;
    %dup/vec4;
    %pushi/vec4 1, 0, 2;
    %cmp/u;
    %jmp/1 T_0.1, 6;
    %dup/vec4;
    %pushi/vec4 2, 0, 2;
    %cmp/u;
    %jmp/1 T_0.2, 6;
    %dup/vec4;
    %pushi/vec4 3, 0, 2;
    %cmp/u;
    %jmp/1 T_0.3, 6;
    %jmp T_0.4;
T_0.0 ;
    %load/vec4 v0x13c7081e0_0;
    %assign/vec4 v0x13c71c7e0_0, 0;
    %jmp T_0.4;
T_0.1 ;
    %load/vec4 v0x13c71c5e0_0;
    %assign/vec4 v0x13c71c7e0_0, 0;
    %jmp T_0.4;
T_0.2 ;
    %load/vec4 v0x13c71c680_0;
    %assign/vec4 v0x13c71c7e0_0, 0;
    %jmp T_0.4;
T_0.3 ;
    %load/vec4 v0x13c71c730_0;
    %assign/vec4 v0x13c71c7e0_0, 0;
    %jmp T_0.4;
T_0.4 ;
    %pop/vec4 1;
    %jmp T_0;
    .thread T_0, $push;
    .scope S_0x13c707fe0;
T_1 ;
    %vpi_call 2 19 "$dumpfile", "waveform.vcd" {0 0 0};
    %vpi_call 2 20 "$dumpvars", 32'sb00000000000000000000000000000000, S_0x13c707fe0 {0 0 0};
    %pushi/vec4 0, 0, 2;
    %assign/vec4 v0x13c71ce30_0, 0;
    %vpi_func 2 25 "$random" 32 {0 0 0};
    %pad/s 4;
    %assign/vec4 v0x13c71ca10_0, 0;
    %vpi_func 2 26 "$random" 32 {0 0 0};
    %pad/s 4;
    %assign/vec4 v0x13c71cac0_0, 0;
    %vpi_func 2 27 "$random" 32 {0 0 0};
    %pad/s 4;
    %assign/vec4 v0x13c71cb50_0, 0;
    %vpi_func 2 28 "$random" 32 {0 0 0};
    %pad/s 4;
    %assign/vec4 v0x13c71cc20_0, 0;
    %pushi/vec4 1, 0, 32;
    %store/vec4 v0x13c71ccd0_0, 0, 32;
T_1.0 ;
    %load/vec4 v0x13c71ccd0_0;
    %cmpi/s 4, 0, 32;
    %jmp/0xz T_1.1, 5;
    %delay 5, 0;
    %load/vec4 v0x13c71ccd0_0;
    %pad/s 2;
    %assign/vec4 v0x13c71ce30_0, 0;
    %load/vec4 v0x13c71ccd0_0;
    %addi 1, 0, 32;
    %store/vec4 v0x13c71ccd0_0, 0, 32;
    %jmp T_1.0;
T_1.1 ;
    %delay 5, 0;
    %vpi_call 2 36 "$finish" {0 0 0};
    %end;
    .thread T_1;
# The file index is used to find the file name in the following table.
:file_names 4;
    "N/A";
    "<interactive>";
    "mux_tb.v";
    "mux.v";
