#! /usr/bin/vvp
:ivl_version "11.0 (stable)";
:ivl_delay_selection "TYPICAL";
:vpi_time_precision + 0;
:vpi_module "/usr/lib/x86_64-linux-gnu/ivl/system.vpi";
:vpi_module "/usr/lib/x86_64-linux-gnu/ivl/vhdl_sys.vpi";
:vpi_module "/usr/lib/x86_64-linux-gnu/ivl/vhdl_textio.vpi";
:vpi_module "/usr/lib/x86_64-linux-gnu/ivl/v2005_math.vpi";
:vpi_module "/usr/lib/x86_64-linux-gnu/ivl/va_math.vpi";
S_0x5da0dd255870 .scope module, "tb_jk" "tb_jk" 2 3;
 .timescale 0 0;
v0x5da0dd280f30_0 .var "clk", 0 0;
v0x5da0dd280ff0_0 .var "j", 0 0;
v0x5da0dd2810c0_0 .var "k", 0 0;
v0x5da0dd2811c0_0 .net "q", 0 0, v0x5da0dd280cc0_0;  1 drivers
v0x5da0dd281290_0 .var "rst_n", 0 0;
S_0x5da0dd2696a0 .scope module, "DUT" "jkff" 2 14, 3 1 0, S_0x5da0dd255870;
 .timescale 0 0;
    .port_info 0 /INPUT 1 "j";
    .port_info 1 /INPUT 1 "k";
    .port_info 2 /INPUT 1 "clk";
    .port_info 3 /INPUT 1 "rst_n";
    .port_info 4 /OUTPUT 1 "q";
v0x5da0dd230ba0_0 .net "clk", 0 0, v0x5da0dd280f30_0;  1 drivers
v0x5da0dd280b30_0 .net "j", 0 0, v0x5da0dd280ff0_0;  1 drivers
v0x5da0dd280bf0_0 .net "k", 0 0, v0x5da0dd2810c0_0;  1 drivers
v0x5da0dd280cc0_0 .var "q", 0 0;
v0x5da0dd280d80_0 .net "rst_n", 0 0, v0x5da0dd281290_0;  1 drivers
E_0x5da0dd267cc0/0 .event negedge, v0x5da0dd280d80_0;
E_0x5da0dd267cc0/1 .event posedge, v0x5da0dd230ba0_0;
E_0x5da0dd267cc0 .event/or E_0x5da0dd267cc0/0, E_0x5da0dd267cc0/1;
    .scope S_0x5da0dd2696a0;
T_0 ;
    %wait E_0x5da0dd267cc0;
    %load/vec4 v0x5da0dd280d80_0;
    %nor/r;
    %flag_set/vec4 8;
    %jmp/0xz  T_0.0, 8;
    %pushi/vec4 0, 0, 1;
    %assign/vec4 v0x5da0dd280cc0_0, 0;
    %jmp T_0.1;
T_0.0 ;
    %load/vec4 v0x5da0dd280b30_0;
    %load/vec4 v0x5da0dd280bf0_0;
    %concat/vec4; draw_concat_vec4
    %dup/vec4;
    %pushi/vec4 0, 0, 2;
    %cmp/u;
    %jmp/1 T_0.2, 6;
    %dup/vec4;
    %pushi/vec4 1, 0, 2;
    %cmp/u;
    %jmp/1 T_0.3, 6;
    %dup/vec4;
    %pushi/vec4 2, 0, 2;
    %cmp/u;
    %jmp/1 T_0.4, 6;
    %dup/vec4;
    %pushi/vec4 3, 0, 2;
    %cmp/u;
    %jmp/1 T_0.5, 6;
    %jmp T_0.6;
T_0.2 ;
    %load/vec4 v0x5da0dd280cc0_0;
    %assign/vec4 v0x5da0dd280cc0_0, 0;
    %jmp T_0.6;
T_0.3 ;
    %pushi/vec4 0, 0, 1;
    %assign/vec4 v0x5da0dd280cc0_0, 0;
    %jmp T_0.6;
T_0.4 ;
    %pushi/vec4 1, 0, 1;
    %assign/vec4 v0x5da0dd280cc0_0, 0;
    %jmp T_0.6;
T_0.5 ;
    %load/vec4 v0x5da0dd280cc0_0;
    %inv;
    %assign/vec4 v0x5da0dd280cc0_0, 0;
    %jmp T_0.6;
T_0.6 ;
    %pop/vec4 1;
T_0.1 ;
    %jmp T_0;
    .thread T_0;
    .scope S_0x5da0dd255870;
T_1 ;
    %pushi/vec4 0, 0, 1;
    %store/vec4 v0x5da0dd280f30_0, 0, 1;
    %end;
    .thread T_1;
    .scope S_0x5da0dd255870;
T_2 ;
    %delay 5, 0;
    %load/vec4 v0x5da0dd280f30_0;
    %inv;
    %store/vec4 v0x5da0dd280f30_0, 0, 1;
    %jmp T_2;
    .thread T_2;
    .scope S_0x5da0dd255870;
T_3 ;
    %vpi_call 2 28 "$dumpfile", "waveform.vcd" {0 0 0};
    %vpi_call 2 29 "$dumpvars", 32'sb00000000000000000000000000000000, S_0x5da0dd255870 {0 0 0};
    %pushi/vec4 0, 0, 1;
    %store/vec4 v0x5da0dd280ff0_0, 0, 1;
    %pushi/vec4 0, 0, 1;
    %store/vec4 v0x5da0dd2810c0_0, 0, 1;
    %pushi/vec4 0, 0, 1;
    %store/vec4 v0x5da0dd281290_0, 0, 1;
    %delay 7, 0;
    %pushi/vec4 1, 0, 1;
    %store/vec4 v0x5da0dd281290_0, 0, 1;
    %delay 10, 0;
    %pushi/vec4 0, 0, 1;
    %store/vec4 v0x5da0dd280ff0_0, 0, 1;
    %pushi/vec4 0, 0, 1;
    %store/vec4 v0x5da0dd2810c0_0, 0, 1;
    %delay 10, 0;
    %vpi_call 2 41 "$display", "j=%b, k=%b, ==> q = %b", v0x5da0dd280ff0_0, v0x5da0dd2810c0_0, v0x5da0dd2811c0_0 {0 0 0};
    %pushi/vec4 1, 0, 1;
    %store/vec4 v0x5da0dd280ff0_0, 0, 1;
    %pushi/vec4 0, 0, 1;
    %store/vec4 v0x5da0dd2810c0_0, 0, 1;
    %delay 10, 0;
    %vpi_call 2 46 "$display", "j=%b, k=%b, ==> q = %b", v0x5da0dd280ff0_0, v0x5da0dd2810c0_0, v0x5da0dd2811c0_0 {0 0 0};
    %pushi/vec4 0, 0, 1;
    %store/vec4 v0x5da0dd280ff0_0, 0, 1;
    %pushi/vec4 1, 0, 1;
    %store/vec4 v0x5da0dd2810c0_0, 0, 1;
    %delay 10, 0;
    %vpi_call 2 51 "$display", "j=%b, k=%b, ==> q = %b", v0x5da0dd280ff0_0, v0x5da0dd2810c0_0, v0x5da0dd2811c0_0 {0 0 0};
    %pushi/vec4 1, 0, 1;
    %store/vec4 v0x5da0dd280ff0_0, 0, 1;
    %pushi/vec4 1, 0, 1;
    %store/vec4 v0x5da0dd2810c0_0, 0, 1;
    %delay 10, 0;
    %vpi_call 2 56 "$display", "j=%b, k=%b, ==>  q = %b", v0x5da0dd280ff0_0, v0x5da0dd2810c0_0, v0x5da0dd2811c0_0 {0 0 0};
    %pushi/vec4 0, 0, 1;
    %store/vec4 v0x5da0dd281290_0, 0, 1;
    %delay 5, 0;
    %pushi/vec4 1, 0, 1;
    %store/vec4 v0x5da0dd281290_0, 0, 1;
    %vpi_call 2 62 "$display", "j=%b, k=%b, ==>  q = %b", v0x5da0dd280ff0_0, v0x5da0dd2810c0_0, v0x5da0dd2811c0_0 {0 0 0};
    %delay 10, 0;
    %vpi_call 2 65 "$finish" {0 0 0};
    %end;
    .thread T_3;
# The file index is used to find the file name in the following table.
:file_names 4;
    "N/A";
    "<interactive>";
    "jk_tb.v";
    "jkff.v";
