#! /opt/homebrew/Cellar/icarus-verilog/12.0/bin/vvp
:ivl_version "12.0 (stable)";
:ivl_delay_selection "TYPICAL";
:vpi_time_precision + 0;
:vpi_module "/opt/homebrew/Cellar/icarus-verilog/12.0/lib/ivl/system.vpi";
:vpi_module "/opt/homebrew/Cellar/icarus-verilog/12.0/lib/ivl/vhdl_sys.vpi";
:vpi_module "/opt/homebrew/Cellar/icarus-verilog/12.0/lib/ivl/vhdl_textio.vpi";
:vpi_module "/opt/homebrew/Cellar/icarus-verilog/12.0/lib/ivl/v2005_math.vpi";
:vpi_module "/opt/homebrew/Cellar/icarus-verilog/12.0/lib/ivl/va_math.vpi";
S_0x147e044b0 .scope module, "priority_tb" "priority_tb" 2 1;
 .timescale 0 0;
v0x147e14de0_0 .var "a", 3 0;
v0x147e14e90_0 .var "b", 3 0;
v0x147e14f20_0 .var "c", 3 0;
v0x147e14ff0_0 .var "d", 3 0;
v0x147e150a0_0 .var/i "i", 31 0;
v0x147e15170_0 .net "out", 3 0, v0x147e14bb0_0;  1 drivers
v0x147e15200_0 .var "sel", 1 0;
S_0x147e04630 .scope module, "enc" "encoder" 2 13, 3 1 0, S_0x147e044b0;
 .timescale 0 0;
    .port_info 0 /INPUT 4 "a";
    .port_info 1 /INPUT 4 "b";
    .port_info 2 /INPUT 4 "c";
    .port_info 3 /INPUT 4 "d";
    .port_info 4 /INPUT 2 "sel";
    .port_info 5 /OUTPUT 4 "out";
v0x147e048d0_0 .net "a", 3 0, v0x147e14de0_0;  1 drivers
v0x147e14990_0 .net "b", 3 0, v0x147e14e90_0;  1 drivers
v0x147e14a40_0 .net "c", 3 0, v0x147e14f20_0;  1 drivers
v0x147e14b00_0 .net "d", 3 0, v0x147e14ff0_0;  1 drivers
v0x147e14bb0_0 .var "out", 3 0;
v0x147e14ca0_0 .net "sel", 1 0, v0x147e15200_0;  1 drivers
E_0x147e04880 .event anyedge, v0x147e14ca0_0, v0x147e14a40_0, v0x147e14990_0, v0x147e048d0_0;
    .scope S_0x147e04630;
T_0 ;
    %wait E_0x147e04880;
    %load/vec4 v0x147e14ca0_0;
    %cmpi/e 0, 0, 2;
    %jmp/0xz  T_0.0, 4;
    %load/vec4 v0x147e048d0_0;
    %assign/vec4 v0x147e14bb0_0, 0;
    %jmp T_0.1;
T_0.0 ;
    %load/vec4 v0x147e14ca0_0;
    %cmpi/e 1, 0, 2;
    %jmp/0xz  T_0.2, 4;
    %load/vec4 v0x147e14990_0;
    %assign/vec4 v0x147e14bb0_0, 0;
    %jmp T_0.3;
T_0.2 ;
    %load/vec4 v0x147e14ca0_0;
    %cmpi/e 2, 0, 2;
    %jmp/0xz  T_0.4, 4;
    %load/vec4 v0x147e14a40_0;
    %assign/vec4 v0x147e14bb0_0, 0;
    %jmp T_0.5;
T_0.4 ;
    %load/vec4 v0x147e14b00_0;
    %assign/vec4 v0x147e14bb0_0, 0;
T_0.5 ;
T_0.3 ;
T_0.1 ;
    %jmp T_0;
    .thread T_0, $push;
    .scope S_0x147e044b0;
T_1 ;
    %vpi_call 2 23 "$dumpfile", "waveform.vcd" {0 0 0};
    %vpi_call 2 24 "$dumpvars", 32'sb00000000000000000000000000000000, S_0x147e044b0 {0 0 0};
    %pushi/vec4 0, 0, 2;
    %assign/vec4 v0x147e15200_0, 0;
    %vpi_func 2 27 "$random" 32 {0 0 0};
    %pad/s 4;
    %assign/vec4 v0x147e14de0_0, 0;
    %vpi_func 2 28 "$random" 32 {0 0 0};
    %pad/s 4;
    %assign/vec4 v0x147e14e90_0, 0;
    %vpi_func 2 29 "$random" 32 {0 0 0};
    %pad/s 4;
    %assign/vec4 v0x147e14f20_0, 0;
    %vpi_func 2 30 "$random" 32 {0 0 0};
    %pad/s 4;
    %assign/vec4 v0x147e14ff0_0, 0;
    %pushi/vec4 1, 0, 32;
    %store/vec4 v0x147e150a0_0, 0, 32;
T_1.0 ;
    %load/vec4 v0x147e150a0_0;
    %cmpi/s 5, 0, 32;
    %jmp/0xz T_1.1, 5;
    %delay 5, 0;
    %load/vec4 v0x147e150a0_0;
    %pad/s 2;
    %assign/vec4 v0x147e15200_0, 0;
    %load/vec4 v0x147e150a0_0;
    %addi 1, 0, 32;
    %store/vec4 v0x147e150a0_0, 0, 32;
    %jmp T_1.0;
T_1.1 ;
    %delay 5, 0;
    %vpi_call 2 36 "$finish" {0 0 0};
    %end;
    .thread T_1;
# The file index is used to find the file name in the following table.
:file_names 4;
    "N/A";
    "<interactive>";
    "priority_tb.v";
    "priority_encoder.v";
